<?xml version="1.0" encoding="UTF-8"?>
<!-- Generated by org.testng.reporters.JUnitReportReporter -->
<testsuite hostname="DESKTOP-JJUAQ9I" failures="2" tests="10" name="commonMethods.Testcases" time="21177.160" errors="0" timestamp="2024-04-03T17:50:39 IST" skipped="0">
  <testcase classname="commonMethods.Testcases" name="Scenario1" time="37.321"/>
  <system-out>
    <![CDATA[STEP1
STEP2
STEP3
STEP4
STEP5
STEP6
STEP7
STEP8]]>
  </system-out>
  <testcase classname="commonMethods.Testcases" name="Scenario6" time="4127.951"/>
  <system-out>
    <![CDATA[STEP1170
STEP1171
STEP1172
STEP1173
STEP1174
STEP1175
STEP1176
STEP1177
STEP1178
STEP1179
STEP1180
STEP1181
STEP1182
STEP1183
STEP1184
STEP1185
STEP1186
STEP1187
STEP1188
STEP1189
STEP1190
STEP1191
STEP1192
STEP1193
STEP1194
STEP1195
STEP1196
STEP1197
STEP1198
STEP1199
STEP1200
STEP1201
STEP1202
STEP1203
STEP1204
STEP1205
STEP1206
STEP1207
STEP1208
STEP1209
STEP1210
STEP1211
STEP1212
STEP1213
STEP1214
STEP1215
STEP1216
STEP1217
STEP1218
STEP1219
STEP1220
STEP1221
STEP1222
STEP1223
STEP1224
STEP1225
STEP1226
STEP1227
STEP1228
STEP1229
STEP1230
STEP1231
STEP1232
STEP1233
STEP1234
STEP1235
STEP1236
STEP1237
STEP1238
STEP1239
STEP1240
STEP1241
STEP1242
STEP1243
STEP1244
STEP1245
STEP1246
STEP1247
STEP1248
STEP1249
STEP1250
STEP1251
STEP1252
STEP1253
STEP1254
STEP1255
STEP1256
STEP1257
STEP1258
STEP1259
STEP1260
STEP1261
STEP1262
STEP1263
STEP1264
STEP1265
STEP1266
STEP1267
STEP1268
STEP1269
STEP1270
STEP1271
STEP1272
STEP1273
STEP1274
STEP1275
STEP1276
STEP1277
STEP1278
STEP1279
STEP1280
STEP1281
STEP1282
STEP1283
STEP1284
STEP1285
STEP1286
STEP1287
STEP1288
STEP1289
STEP1290
STEP1291
STEP1292
STEP1293
STEP1294
STEP1295
STEP1296
STEP1297
STEP1298
STEP1299
STEP1300
STEP1301
STEP1302
STEP1303
STEP1304
STEP1305
STEP1306
STEP1307
STEP1308
STEP1309
STEP1310
STEP1311
STEP1312
STEP1313
STEP1314
STEP1315
STEP1316
STEP1317
STEP1318
STEP1319
STEP1320
STEP1321
STEP1322
STEP1323
STEP1324
STEP1325
STEP1326
STEP1327
STEP1328
STEP1329
STEP1330
STEP1331
STEP1332
STEP1333
STEP1334
STEP1335
STEP1336
STEP1337
STEP1338
STEP1339
STEP1340
STEP1341
STEP1342
STEP1343
STEP1344
STEP1345
STEP1346
STEP1347
STEP1348
STEP1349
STEP1350
STEP1351
STEP1352
STEP1353
STEP1354
STEP1355
STEP1356
STEP1357
STEP1358
STEP1359
STEP1360
STEP1361
STEP1362
STEP1363
STEP1364
STEP1365
STEP1366
STEP1367
STEP1368
STEP1369
STEP1370
STEP1371
STEP1372
STEP1373
STEP1374
STEP1375
STEP1376
STEP1377
STEP1378
STEP1379
STEP1380
STEP1381
STEP1382
STEP1383
STEP1384
STEP1385
STEP1386
STEP1387
STEP1388
STEP1389
STEP1390
STEP1391
STEP1392
STEP1393
STEP1394
STEP1395
STEP1396
STEP1397
STEP1398
STEP1399
STEP1400
STEP1401
STEP1402
STEP1403
STEP1404
STEP1405
STEP1406
STEP1407
STEP1408
STEP1409
STEP1410
STEP1411
STEP1412
STEP1413
STEP1414
STEP1415
STEP1416
STEP1417
STEP1418
STEP1419
STEP1420
STEP1421
STEP1422
STEP1423
STEP1424
STEP1425
STEP1426
STEP1427
STEP1428
STEP1429
STEP1430
STEP1431
STEP1432
STEP1433
STEP1434
STEP1435
STEP1436
STEP1437
STEP1438
STEP1439]]>
  </system-out>
  <testcase classname="commonMethods.Testcases" name="Scenario3" time="742.883"/>
  <system-out>
    <![CDATA[STEP381
STEP382
STEP383
STEP384
STEP385
STEP386
STEP387
STEP388
STEP389
STEP390
STEP391
STEP392
STEP393
STEP394
STEP395
STEP396
STEP397
STEP398
STEP399
STEP400
STEP401
STEP402
STEP403
STEP404
STEP405
STEP406
STEP407
STEP408
STEP409
STEP410
STEP411
STEP412
STEP413
STEP414
STEP415
STEP416
STEP417
STEP418
STEP419
STEP420
STEP421
STEP422
STEP423
STEP424
STEP425
STEP426
STEP427
STEP428
STEP429
STEP430
STEP431
STEP432
STEP433
STEP434
STEP435
STEP436
STEP437
STEP438
STEP439
STEP440
STEP441
STEP442
STEP443
STEP444
STEP445
STEP446
STEP447
STEP448
STEP449
STEP450
STEP451
STEP452
STEP453
STEP454
STEP455
STEP456
STEP457
STEP458
STEP459
STEP460
STEP461
STEP462
STEP463
STEP464
STEP465
STEP466
STEP467
STEP468
STEP469
STEP470
STEP471
STEP472
STEP473
STEP474
STEP475
STEP476
STEP477
STEP478
STEP479
STEP480
STEP481
STEP482
STEP483
STEP484
STEP485
STEP486
STEP487
STEP488
STEP489
STEP490
STEP491
STEP492
STEP493
STEP494
STEP495
STEP496
STEP497
STEP498
STEP499
STEP500
STEP501
STEP502
STEP503
STEP504
STEP505
STEP506
STEP507
STEP508
STEP509
STEP510
STEP511
STEP512
STEP513
STEP514
STEP515
STEP516
STEP517
STEP518
STEP519
STEP520
STEP521
STEP522
STEP523
STEP524
STEP525
STEP526
STEP527
STEP528
STEP529
STEP530
STEP531
STEP532
STEP533
STEP534
STEP535
STEP536
STEP537
STEP538
STEP539
STEP540
STEP541
STEP542
STEP543
STEP544
STEP545
STEP546
STEP547
STEP548
STEP549
STEP550
STEP551
STEP552
STEP553
STEP554
STEP555
STEP556
STEP557
STEP558
STEP559
STEP560
STEP561
STEP562
STEP563
STEP564
STEP565
STEP566
STEP567
STEP568
STEP569
STEP570
STEP571
STEP572
STEP573
STEP574
STEP575
STEP576
STEP577
STEP578
STEP579
STEP580
STEP581
STEP582
STEP583
STEP584
STEP585
STEP586
STEP587
STEP588
STEP589
STEP590
STEP591
STEP592
STEP593
STEP594
STEP595
STEP596
STEP597
STEP598
STEP599
STEP600
STEP601
STEP602
STEP603
STEP604
STEP605
STEP606
STEP607
STEP608
STEP609
STEP610
STEP611
STEP612
STEP613
STEP614
STEP615
STEP616
STEP617
STEP618
STEP619
STEP620
STEP621
STEP622
STEP623
STEP624
STEP625
STEP626
STEP627
STEP628
STEP629
STEP630
STEP631
STEP632
STEP633
STEP634
STEP635
STEP636
STEP637
STEP638
STEP639
STEP640]]>
  </system-out>
  <testcase classname="commonMethods.Testcases" name="Scenario7" time="1289.834">
    <failure message="null" type="java.lang.AssertionError">
      <![CDATA[java.lang.AssertionError: null
at org.testng.Assert.fail(Assert.java:99)
at org.testng.Assert.fail(Assert.java:106)
at commonMethods.Keywords.click(Keywords.java:388)
at scripts.Scenario7.Masterplan7(Scenario7.java:242)
at commonMethods.Testcases.Scenario7(Testcases.java:329)
at java.base/jdk.internal.reflect.NativeMethodAccessorImpl.invoke0(Native Method)
at java.base/jdk.internal.reflect.NativeMethodAccessorImpl.invoke(NativeMethodAccessorImpl.java:77)
at java.base/jdk.internal.reflect.DelegatingMethodAccessorImpl.invoke(DelegatingMethodAccessorImpl.java:43)
at java.base/java.lang.reflect.Method.invoke(Method.java:568)
at org.testng.internal.MethodInvocationHelper.invokeMethod(MethodInvocationHelper.java:133)
at org.testng.internal.TestInvoker.invokeMethod(TestInvoker.java:598)
at org.testng.internal.TestInvoker.invokeTestMethod(TestInvoker.java:173)
at org.testng.internal.MethodRunner.runInSequence(MethodRunner.java:46)
at org.testng.internal.TestInvoker$MethodInvocationAgent.invoke(TestInvoker.java:824)
at org.testng.internal.TestInvoker.invokeTestMethods(TestInvoker.java:146)
at org.testng.internal.TestMethodWorker.invokeTestMethods(TestMethodWorker.java:146)
at org.testng.internal.TestMethodWorker.run(TestMethodWorker.java:128)
at java.base/java.util.ArrayList.forEach(ArrayList.java:1511)
at org.testng.TestRunner.privateRun(TestRunner.java:794)
at org.testng.TestRunner.run(TestRunner.java:596)
at org.testng.SuiteRunner.runTest(SuiteRunner.java:377)
at org.testng.SuiteRunner.runSequentially(SuiteRunner.java:371)
at org.testng.SuiteRunner.privateRun(SuiteRunner.java:332)
at org.testng.SuiteRunner.run(SuiteRunner.java:276)
at org.testng.SuiteRunnerWorker.runSuite(SuiteRunnerWorker.java:53)
at org.testng.SuiteRunnerWorker.run(SuiteRunnerWorker.java:96)
at org.testng.TestNG.runSuitesSequentially(TestNG.java:1212)
at org.testng.TestNG.runSuitesLocally(TestNG.java:1134)
at org.testng.TestNG.runSuites(TestNG.java:1063)
at org.testng.TestNG.run(TestNG.java:1031)
at org.testng.remote.AbstractRemoteTestNG.run(AbstractRemoteTestNG.java:115)
at org.testng.remote.RemoteTestNG.initAndRun(RemoteTestNG.java:251)
at org.testng.remote.RemoteTestNG.main(RemoteTestNG.java:77)
]]>
    </failure>
  </testcase> <!-- Scenario7 -->
  <system-out>
    <![CDATA[STEP1440
STEP1441
STEP1442
STEP1443
STEP1444
STEP1445
STEP1446
STEP1447
STEP1448
STEP1449
STEP1450
STEP1451
STEP1452
STEP1453
STEP1454
STEP1455
STEP1456
STEP1457
STEP1458
STEP1459
STEP1460
STEP1461
STEP1462
STEP1463
STEP1464
STEP1465
STEP1466
STEP1467
STEP1468
STEP1469
STEP1470
STEP1471
STEP1472
STEP1473
STEP1474
STEP1475
STEP1476
STEP1477
STEP1478
STEP1479
STEP1480
STEP1481
STEP1482
STEP1483
STEP1484
STEP1485
STEP1486
STEP1487
STEP1488
STEP1489
STEP1490
STEP1491
STEP1492
STEP1493
STEP1494
STEP1495
STEP1496
STEP1497
STEP1498
STEP1499
STEP1500
STEP1501
STEP1502
STEP1503
STEP1504
STEP1505
STEP1506
STEP1507
STEP1508
STEP1509
STEP1510
STEP1511
STEP1512
STEP1513
STEP1514
STEP1515
STEP1516
STEP1517
STEP1518
STEP1519
STEP1520
STEP1521
STEP1522
STEP1523
STEP1524
STEP1525
STEP1526
STEP1527
STEP1528
STEP1529
STEP1530
STEP1531
STEP1532
STEP1533
STEP1534
STEP1535
STEP1536
STEP1537
STEP1538
STEP1539
STEP1540
STEP1541
STEP1542
STEP1543
STEP1544
STEP1545
STEP1546
STEP1547
STEP1548
STEP1549
STEP1550
STEP1551
STEP1552
STEP1553
STEP1554
STEP1555
STEP1556
STEP1557
STEP1558
STEP1559
STEP1560
STEP1561
STEP1562
STEP1563
STEP1564
STEP1565
STEP1566
STEP1567
STEP1568
STEP1569
STEP1570
STEP1571
STEP1572
STEP1573
STEP1574
STEP1575
STEP1576
STEP1577
STEP1578]]>
  </system-out>
  <testcase classname="commonMethods.Testcases" name="Scenario8" time="859.597"/>
  <system-out>
    <![CDATA[STEP1579
STEP1580
STEP1581
STEP1582
STEP1583
STEP1584
STEP1585
STEP1586
STEP1587
STEP1588
STEP1589
STEP1590
STEP1591
STEP1592
STEP1593
STEP1594
STEP1595
STEP1596
STEP1597
STEP1598
STEP1599
STEP1600
STEP1601
STEP1602
STEP1603
STEP1604
STEP1605
STEP1606
STEP1607
STEP1608
STEP1609
STEP1610
STEP1611
STEP1612
STEP1613
STEP1614
STEP1615
STEP1616
STEP1617
STEP1618
STEP1619
STEP1620
STEP1621
STEP1622
STEP1623
STEP1624
STEP1625
STEP1626
STEP1627
STEP1628
STEP1629
STEP1630
STEP1631
STEP1632
STEP1633
STEP1634
STEP1635
STEP1636
STEP1637
STEP1638
STEP1639
STEP1640
STEP1641
STEP1642
STEP1643
STEP1644
STEP1645
STEP1646
STEP1647
STEP1648
STEP1649
STEP1650
STEP1651
STEP1652
STEP1653
STEP1654
STEP1655
STEP1656
STEP1657
STEP1658
STEP1659
STEP1660
STEP1661
STEP1662
STEP1663
STEP1664
STEP1665
STEP1666
STEP1667
STEP1668
STEP1669
STEP1670
STEP1671
STEP1672
STEP1673
STEP1674
STEP1675
STEP1676
STEP1677
STEP1678
STEP1679
STEP1680
STEP1681
STEP1682
STEP1683
STEP1684
STEP1685
STEP1686
STEP1687
STEP1688
STEP1689
STEP1690
STEP1691
STEP1692
STEP1693
STEP1694
STEP1695
STEP1696
STEP1697
STEP1698
STEP1699
STEP1700
STEP1701
STEP1702
STEP1703
STEP1704
STEP1705
STEP1706
STEP1707
STEP1708
STEP1709
STEP1710
STEP1711
STEP1712
STEP1713
STEP1714
STEP1715
STEP1716
STEP1717
STEP1718
STEP1719
STEP1720
STEP1721
STEP1722
STEP1723
STEP1724
STEP1725
STEP1726
STEP1727
STEP1728
STEP1729
STEP1730
STEP1731
STEP1732
STEP1733
STEP1734
STEP1735
STEP1736
STEP1737
STEP1738
STEP1739
STEP1740
STEP1741
STEP1742
STEP1743
STEP1744
STEP1745
STEP1746
STEP1747
STEP1748
STEP1749
STEP1750
STEP1751
STEP1752
STEP1753
STEP1754
STEP1755
STEP1756
STEP1757
STEP1758
STEP1759
STEP1760
STEP1761
STEP1762
STEP1763
STEP1764
STEP1765
STEP1766
STEP1767
STEP1768
STEP1769
STEP1770
STEP1771
STEP1772
STEP1773
STEP1774
STEP1775
STEP1776
STEP1777
STEP1778
STEP1779
STEP1780
STEP1781
STEP1782
STEP1783
STEP1784
STEP1785
STEP1786
STEP1787
STEP1788
STEP1789
STEP1790
STEP1791
STEP1792
STEP1793
STEP1794
STEP1795
STEP1796
STEP1797
STEP1798
STEP1799
STEP1800
STEP1801
STEP1802
STEP1803
STEP1804
STEP1805
STEP1806
STEP1807]]>
  </system-out>
  <testcase classname="commonMethods.Testcases" name="Scenario2" time="1326.477"/>
  <system-out>
    <![CDATA[STEP9
STEP10
STEP11
STEP12
STEP13
STEP14
STEP15
STEP16
STEP17
STEP18
STEP19
STEP20
STEP21
STEP22
STEP23
STEP24
STEP25
STEP26
STEP27
STEP28
STEP29
STEP30
STEP31
STEP32
STEP33
STEP34
STEP35
STEP36
STEP37
STEP38
STEP39
STEP40
STEP41
STEP42
STEP43
STEP44
STEP45
STEP46
STEP47
STEP48
STEP49
STEP50
STEP51
STEP52
STEP53
STEP54
STEP55
STEP56
STEP57
STEP58
STEP59
STEP60
STEP61
STEP62
STEP63
STEP64
STEP65
STEP66
STEP67
STEP68
STEP69
STEP70
STEP71
STEP72
STEP73
STEP74
STEP75
STEP76
STEP77
STEP78
STEP79
STEP80
STEP81
STEP82
STEP83
STEP84
STEP85
STEP86
STEP87
STEP88
STEP89
STEP90
STEP91
STEP92
STEP93
STEP94
STEP95
STEP96
STEP97
STEP98
STEP99
STEP100
STEP101
STEP102
STEP103
STEP104
STEP105
STEP106
STEP107
STEP108
STEP109
STEP110
STEP111
STEP112
STEP113
STEP114
STEP115
STEP116
STEP117
STEP118
STEP119
STEP120
STEP121
STEP122
STEP123
STEP124
STEP125
STEP126
STEP127
STEP128
STEP129
STEP130
STEP131
STEP132
STEP133
STEP134
STEP135
STEP136
STEP137
STEP138
STEP139
STEP140
STEP141
STEP142
STEP143
STEP144
STEP145
STEP146
STEP147
STEP148
STEP149
STEP150
STEP151
STEP152
STEP153
STEP154
STEP155
STEP156
STEP157
STEP158
STEP159
STEP160
STEP161
STEP162
STEP163
STEP164
STEP165
STEP166
STEP167
STEP168
STEP169
STEP170
STEP171
STEP172
STEP173
STEP174
STEP175
STEP176
STEP177
STEP178
STEP179
STEP180
STEP181
STEP182
STEP183
STEP184
STEP185
STEP186
STEP187
STEP188
STEP189
STEP190
STEP191
STEP192
STEP193
STEP194
STEP195
STEP196
STEP197
STEP198
STEP199
STEP200
STEP201
STEP202
STEP203
STEP204
STEP205
STEP206
STEP207
STEP208
STEP209
STEP210
STEP211
STEP212
STEP213
STEP214
STEP215
STEP216
STEP217
STEP218
STEP219
STEP220
STEP221
STEP222
STEP223
STEP224
STEP225
STEP226
STEP227
STEP228
STEP229
STEP230
STEP231
STEP232
STEP233
STEP234
STEP235
STEP236
STEP237
STEP238
STEP239
STEP240
STEP241
STEP242
STEP243
STEP244
STEP245
STEP246
STEP247
STEP248
STEP249
STEP250
STEP251
STEP252
STEP253
STEP254
STEP255
STEP256
STEP257
STEP258
STEP259
STEP260
STEP261
STEP262
STEP263
STEP264
STEP265
STEP266
STEP267
STEP268
STEP269
STEP270
STEP271
STEP272
STEP273
STEP274
STEP275
STEP276
STEP277
STEP278
STEP279
STEP280
STEP281
STEP282
STEP283
STEP284
STEP285
STEP286
STEP287
STEP288
STEP289
STEP290
STEP291
STEP292
STEP293
STEP294
STEP295
STEP296
STEP297
STEP298
STEP299
STEP300
STEP301
STEP302
STEP303
STEP304
STEP305
STEP306
STEP307
STEP308
STEP309
STEP310
STEP311
STEP312
STEP313
STEP314
STEP315
STEP316
STEP317
STEP318
STEP319
STEP320
STEP321
STEP322
STEP323
STEP324
STEP325
STEP326
STEP327
STEP328
STEP329
STEP330
STEP331
STEP332
STEP333
STEP334
STEP335
STEP336
STEP337
STEP338
STEP339
STEP340
STEP341
STEP342
STEP343
STEP344
STEP345
STEP346
STEP347
STEP348
STEP349
STEP350
STEP351
STEP352
STEP353
STEP354
STEP355
STEP356
STEP357
STEP358
STEP359
STEP360
STEP361
STEP362
STEP363
STEP364
STEP365
STEP366
STEP367
STEP368
STEP369
STEP370
STEP371
STEP372
STEP373
STEP374
STEP375
STEP376
STEP377
STEP378
STEP379
STEP380]]>
  </system-out>
  <testcase classname="commonMethods.Testcases" name="Scenario10" time="1339.068"/>
  <system-out>
    <![CDATA[STEP1952
STEP1953
STEP1954
STEP1955
STEP1956
STEP1957
STEP1958
STEP1959
STEP1960
STEP1961
STEP1962
STEP1963
STEP1964
STEP1965
STEP1966
STEP1967
STEP1968
STEP1969
STEP1970
STEP1971
STEP1972
STEP1973
STEP1974
STEP1975
STEP1976
STEP1977
STEP1978
STEP1979
STEP1980
STEP1981
STEP1982
STEP1983
STEP1984
STEP1985
STEP1986
STEP1987
STEP1988
STEP1989
STEP1990
STEP1991
STEP1992
STEP1993
STEP1994
STEP1995
STEP1996
STEP1997
STEP1998
STEP1999
STEP2000
STEP2001
STEP2002
STEP2003
STEP2004
STEP2005
STEP2006
STEP2007
STEP2008
STEP2009
STEP2010
STEP2011
STEP2012
STEP2013
STEP2014
STEP2015
STEP2016
STEP2017
STEP2018
STEP2019
STEP2020
STEP2021
STEP2022
STEP2023
STEP2024
STEP2025
STEP2026
STEP2027
STEP2028
STEP2029
STEP2030
STEP2031
STEP2032
STEP2033
STEP2034
STEP2035
STEP2036
STEP2037
STEP2038
STEP2039
STEP2040
STEP2041
STEP2042
STEP2043
STEP2044
STEP2045
STEP2046
STEP2047
STEP2048
STEP2049
STEP2050
STEP2051
STEP2052
STEP2053
STEP2054
STEP2055
STEP2056
STEP2057
STEP2058
STEP2059
STEP2060
STEP2061
STEP2062
STEP2063
STEP2064
STEP2065
STEP2066
STEP2067
STEP2068
STEP2069
STEP2070
STEP2071
STEP2072
STEP2073
STEP2074
STEP2075
STEP2076
STEP2077
STEP2078
STEP2079
STEP2080
STEP2081
STEP2082
STEP2083
STEP2084
STEP2085
STEP2086
STEP2087
STEP2088
STEP2089
STEP2090
STEP2091
STEP2092
STEP2093
STEP2094
STEP2095
STEP2096
STEP2097
STEP2098
STEP2099
STEP2100
STEP2101
STEP2102
STEP2103
STEP2104
STEP2105
STEP2106
STEP2107
STEP2108
STEP2109
STEP2110
STEP2111
STEP2112
STEP2113
STEP2114
STEP2115
STEP2116
STEP2117
STEP2118
STEP2119
STEP2120
STEP2121
STEP2122
STEP2123
STEP2124
STEP2125
STEP2126
STEP2127
STEP2128
STEP2129
STEP2130
STEP2131
STEP2132
STEP2133
STEP2134
STEP2135
STEP2136
STEP2137
STEP2138
STEP2139
STEP2140
STEP2141
STEP2142
STEP2143
STEP2144
STEP2145
STEP2146
STEP2147
STEP2148
STEP2149
STEP2150
STEP2151
STEP2152
STEP2153
STEP2154
STEP2155
STEP2156
STEP2157
STEP2158
STEP2159
STEP2160
STEP2161
STEP2162
STEP2163
STEP2164
STEP2165
STEP2166
STEP2167
STEP2168
STEP2169
STEP2170
STEP2171
STEP2172
STEP2173
STEP2174
STEP2175
STEP2176
STEP2177
STEP2178
STEP2179
STEP2180
STEP2181
STEP2182
STEP2183
STEP2184
STEP2185
STEP2186
STEP2187
STEP2188
STEP2189
STEP2190
STEP2191
STEP2192
STEP2193
STEP2194
STEP2195
STEP2196
STEP2197
STEP2198
STEP2199
STEP2200]]>
  </system-out>
  <testcase classname="commonMethods.Testcases" name="Scenario5" time="1661.957"/>
  <system-out>
    <![CDATA[STEP641
STEP642
STEP643
STEP644
STEP645
STEP646
STEP647
STEP648
STEP649
STEP650
STEP651
STEP652
STEP653
STEP654
STEP655
STEP656
STEP657
STEP658
STEP659
STEP660
STEP661
STEP662
STEP663
STEP664
STEP665
STEP666
STEP667
STEP668
STEP669
STEP670
STEP671
STEP672
STEP673
STEP674
STEP675
STEP676
STEP677
STEP678
STEP679
STEP680
STEP681
STEP682
STEP683
STEP684
STEP685
STEP686
STEP687
STEP688
STEP689
STEP690
STEP691
STEP692
STEP693
STEP694
STEP695
STEP696
STEP697
STEP698
STEP699
STEP700
STEP701
STEP702
STEP703
STEP704
STEP705
STEP706
STEP707
STEP708
STEP709
STEP710
STEP711
STEP712
STEP713
STEP714
STEP715
STEP716
STEP717
STEP718
STEP719
STEP720
STEP721
STEP722
STEP723
STEP724
STEP725
STEP726
STEP727
STEP728
STEP729
STEP730
STEP731
STEP732
STEP733
STEP734
STEP735
STEP736
STEP737
STEP738
STEP739
STEP740
STEP741
STEP742
STEP743
STEP744
STEP745
STEP746
STEP747
STEP748
STEP749
STEP750
STEP751
STEP752
STEP753
STEP754
STEP755
STEP756
STEP757
STEP758
STEP759
STEP760
STEP761
STEP762
STEP763
STEP764
STEP765
STEP766
STEP767
STEP768
STEP769
STEP770
STEP771
STEP772
STEP773
STEP774
STEP775
STEP776
STEP777
STEP778
STEP779
STEP780
STEP781
STEP782
STEP783
STEP784
STEP785
STEP786
STEP787
STEP788
STEP789
STEP790
STEP791
STEP792
STEP793
STEP794
STEP795
STEP796
STEP797
STEP798
STEP799
STEP800
STEP801
STEP802
STEP803
STEP804
STEP805
STEP806
STEP807
STEP808
STEP809
STEP810
STEP811
STEP812
STEP813
STEP814
STEP815
STEP816
STEP817
STEP818
STEP819
STEP820
STEP821
STEP822
STEP823
STEP824
STEP825
STEP826
STEP827
STEP828
STEP829
STEP830
STEP831
STEP832
STEP833
STEP834
STEP835
STEP836
STEP837
STEP838
STEP839
STEP840
STEP841
STEP842
STEP843
STEP844
STEP845
STEP846
STEP847
STEP848
STEP849
STEP850
STEP851
STEP852
STEP853
STEP854
STEP855
STEP856
STEP857
STEP858
STEP859
STEP860
STEP861
STEP862
STEP863
STEP864
STEP865
STEP866
STEP867
STEP868
STEP869
STEP870
STEP871
STEP872
STEP873
STEP874
STEP875
STEP876
STEP877
STEP878
STEP879
STEP880
STEP881
STEP882
STEP883
STEP884
STEP885
STEP886
STEP887
STEP888
STEP889
STEP890
STEP891
STEP892
STEP893
STEP894
STEP895
STEP896
STEP897
STEP898
STEP899
STEP900
STEP901
STEP902
STEP903
STEP904
STEP905
STEP906
STEP907
STEP908
STEP909
STEP910
STEP911
STEP912
STEP913
STEP914
STEP915
STEP916
STEP917
STEP918
STEP919
STEP920
STEP921
STEP922
STEP923
STEP924
STEP925
STEP926
STEP927
STEP928
STEP929
STEP930
STEP931
STEP932
STEP933
STEP934
STEP935
STEP936
STEP937
STEP938
STEP939
STEP940
STEP941
STEP942
STEP943
STEP944
STEP945
STEP946
STEP947
STEP948
STEP949
STEP950
STEP951
STEP952
STEP953
STEP954
STEP955
STEP956
STEP957
STEP958
STEP959
STEP960
STEP961
STEP962
STEP963
STEP964
STEP965
STEP966
STEP967
STEP968
STEP969
STEP970
STEP971
STEP972
STEP973
STEP974
STEP975
STEP976
STEP977
STEP978
STEP979
STEP980
STEP981
STEP982
STEP983
STEP984
STEP985
STEP986
STEP987
STEP988
STEP989
STEP990
STEP991
STEP992
STEP993
STEP994
STEP995
STEP996
STEP997
STEP998
STEP999
STEP1000
STEP1001
STEP1002
STEP1003
STEP1004
STEP1005
STEP1006
STEP1007
STEP1008
STEP1009
STEP1010
STEP1011
STEP1012
STEP1013
STEP1014
STEP1015
STEP1016
STEP1017
STEP1018
STEP1019
STEP1020
STEP1021
STEP1022
STEP1023
STEP1024
STEP1025
STEP1026
STEP1027
STEP1028
STEP1029
STEP1030
STEP1031
STEP1032
STEP1033
STEP1034
STEP1035
STEP1036
STEP1037
STEP1038
STEP1039
STEP1040
STEP1041
STEP1042
STEP1043
STEP1044
STEP1045
STEP1046
STEP1047
STEP1048
STEP1049
STEP1050
STEP1051
STEP1052
STEP1053
STEP1054
STEP1055
STEP1056
STEP1057
STEP1058
STEP1059
STEP1060
STEP1061
STEP1062
STEP1063
STEP1064
STEP1065
STEP1066
STEP1067
STEP1068
STEP1069
STEP1070
STEP1071
STEP1072
STEP1073
STEP1074
STEP1075
STEP1076
STEP1077
STEP1078
STEP1079
STEP1080
STEP1081
STEP1082
STEP1083
STEP1084
STEP1085
STEP1086
STEP1087
STEP1088
STEP1089
STEP1090
STEP1091
STEP1092
STEP1093
STEP1094
STEP1095
STEP1096
STEP1097
STEP1098
STEP1099
STEP1100
STEP1101
STEP1102
STEP1103
STEP1104
STEP1105
STEP1106
STEP1107
STEP1108
STEP1109
STEP1110
STEP1111
STEP1112
STEP1113
STEP1114
STEP1115
STEP1116
STEP1117
STEP1118
STEP1119
STEP1120
STEP1121
STEP1122
STEP1123
STEP1124
STEP1125
STEP1126
STEP1127
STEP1128
STEP1129
STEP1130
STEP1131
STEP1132
STEP1133
STEP1134
STEP1135
STEP1136
STEP1137
STEP1138
STEP1139
STEP1140
STEP1141
STEP1142
STEP1143
STEP1144
STEP1145
STEP1146
STEP1147
STEP1148
STEP1149
STEP1150
STEP1151
STEP1152
STEP1153
STEP1154
STEP1155
STEP1156
STEP1157
STEP1158
STEP1159
STEP1160
STEP1161
STEP1162
STEP1163
STEP1164
STEP1165
STEP1166
STEP1167
STEP1168
STEP1169]]>
  </system-out>
  <testcase classname="commonMethods.Testcases" name="Scenario11" time="9479.903"/>
  <system-out>
    <![CDATA[STEP2201
STEP2202
STEP2203
STEP2204
STEP2205
STEP2206
STEP2207
STEP2208
STEP2209
STEP2210
STEP2211
STEP2212
STEP2213
STEP2214
STEP2215
STEP2216
STEP2217
STEP2218
STEP2219
STEP2220
STEP2221
STEP2222
STEP2223
STEP2224
STEP2225
STEP2226
STEP2227
STEP2228
STEP2229
STEP2230
STEP2231
STEP2232
STEP2233
STEP2234
STEP2235
STEP2236
STEP2237
STEP2238
STEP2239
STEP2240
STEP2241
STEP2242
STEP2243
STEP2244
STEP2245
STEP2246
STEP2247
STEP2248
STEP2249
STEP2250
STEP2251
STEP2252
STEP2253
STEP2254
STEP2255
STEP2256
STEP2257
STEP2258
STEP2259
STEP2260
STEP2261
STEP2262
STEP2263
STEP2264
STEP2265
STEP2266
STEP2267
STEP2268
STEP2269
STEP2270
STEP2271
STEP2272
STEP2273
STEP2274
STEP2275
STEP2276
STEP2277
STEP2278
STEP2279
STEP2280
STEP2281
STEP2282
STEP2283
STEP2284
STEP2285
STEP2286
STEP2287
STEP2288
STEP2289
STEP2290
STEP2291
STEP2292
STEP2293
STEP2294
STEP2295
STEP2296
STEP2297
STEP2298
STEP2299
STEP2300
STEP2301
STEP2302
STEP2303
STEP2304
STEP2305
STEP2306
STEP2307
STEP2308
STEP2309
STEP2310
STEP2311
STEP2312
STEP2313
STEP2314
STEP2315
STEP2316
STEP2317
STEP2318
STEP2319
STEP2320
STEP2321
STEP2322
STEP2323
STEP2324
STEP2325
STEP2326
STEP2327
STEP2328
STEP2329
STEP2330
STEP2331
STEP2332
STEP2333
STEP2334
STEP2335
STEP2336
STEP2337
STEP2338
STEP2339
STEP2340
STEP2341
STEP2342
STEP2343
STEP2344
STEP2345
STEP2346
STEP2347
STEP2348
STEP2349
STEP2350
STEP2351
STEP2352
STEP2353
STEP2354
STEP2355
STEP2356
STEP2357
STEP2358
STEP2359
STEP2360
STEP2361
STEP2362
STEP2363
STEP2364
STEP2365
STEP2366
STEP2367
STEP2368
STEP2369
STEP2370
STEP2371
STEP2372
STEP2373
STEP2374
STEP2375
STEP2376
STEP2377
STEP2378
STEP2379
STEP2380
STEP2381
STEP2382
STEP2383
STEP2384
STEP2385
STEP2386
STEP2387
STEP2388
STEP2389
STEP2390
STEP2391
STEP2392
STEP2393
STEP2394
STEP2395
STEP2396
STEP2397
STEP2398
STEP2399
STEP2400
STEP2401
STEP2402
STEP2403
STEP2404
STEP2405
STEP2406
STEP2407
STEP2408
STEP2409
STEP2410
STEP2411
STEP2412
STEP2413
STEP2414
STEP2415
STEP2416
STEP2417
STEP2418
STEP2419
STEP2420
STEP2421
STEP2422
STEP2423
STEP2424
STEP2425
STEP2426
STEP2427
STEP2428
STEP2429
STEP2430
STEP2431
STEP2432
STEP2433
STEP2434
STEP2435
STEP2436
STEP2437
STEP2438
STEP2439
STEP2440
STEP2441
STEP2442
STEP2443
STEP2444
STEP2445
STEP2446
STEP2447
STEP2448
STEP2449
STEP2450
STEP2451
STEP2452
STEP2453
STEP2454
STEP2455
STEP2456
STEP2457
STEP2458
STEP2459
STEP2460
STEP2461
STEP2462
STEP2463
STEP2464
STEP2465
STEP2466
STEP2467
STEP2468
STEP2469
STEP2470
STEP2471
STEP2472
STEP2473
STEP2474
STEP2475
STEP2476
STEP2477
STEP2478
STEP2479
STEP2480
STEP2481
STEP2482
STEP2483
STEP2484
STEP2485
STEP2486
STEP2487
STEP2488
STEP2489
STEP2490
STEP2491
STEP2492
STEP2493
STEP2494
STEP2495
STEP2496
STEP2497
STEP2498
STEP2499
STEP2500
STEP2501
STEP2502
STEP2503
STEP2504
STEP2505
STEP2506
STEP2507
STEP2508
STEP2509
STEP2510
STEP2511
STEP2512
STEP2513
STEP2514
STEP2515
STEP2516
STEP2517
STEP2518
STEP2519
STEP2520
STEP2521
STEP2522
STEP2523
STEP2524
STEP2525
STEP2526
STEP2527
STEP2528
STEP2529
STEP2530
STEP2531
STEP2532
STEP2533
STEP2534
STEP2535
STEP2536
STEP2537
STEP2538
STEP2539
STEP2540
STEP2541
STEP2542
STEP2543
STEP2544
STEP2545
STEP2546
STEP2547
STEP2548
STEP2549
STEP2550
STEP2551
STEP2552
STEP2553
STEP2554
STEP2555
STEP2556
STEP2557
STEP2558
STEP2559
STEP2560
STEP2561
STEP2562
STEP2563
STEP2564
STEP2565
STEP2566
STEP2567
STEP2568
STEP2569
STEP2570
STEP2571
STEP2572
STEP2573
STEP2574
STEP2575
STEP2576
STEP2577
STEP2578
STEP2579
STEP2580
STEP2581
STEP2582
STEP2583
STEP2584
STEP2585
STEP2586
STEP2587
STEP2588
STEP2589
STEP2590
STEP2591
STEP2592
STEP2593
STEP2594
STEP2595
STEP2596
STEP2597
STEP2598
STEP2599
STEP2600
STEP2601
STEP2602
STEP2603
STEP2604
STEP2605
STEP2606
STEP2607
STEP2608
STEP2609
STEP2610
STEP2611
STEP2612
STEP2613
STEP2614
STEP2615
STEP2616
STEP2617
STEP2618
STEP2619
STEP2620
STEP2621
STEP2622
STEP2623
STEP2624
STEP2625
STEP2626
STEP2627
STEP2628
STEP2629
STEP2630
STEP2631
STEP2632
STEP2633
STEP2634
STEP2635
STEP2636
STEP2637
STEP2638
STEP2639
STEP2640
STEP2641
STEP2642
STEP2643
STEP2644
STEP2645
STEP2646
STEP2647
STEP2648
STEP2649
STEP2650
STEP2651
STEP2652
STEP2653
STEP2654
STEP2655
STEP2656
STEP2657
STEP2658
STEP2659
STEP2660
STEP2661
STEP2662
STEP2663
STEP2664
STEP2665
STEP2666
STEP2667
STEP2668
STEP2669
STEP2670
STEP2671
STEP2672
STEP2673
STEP2674
STEP2675
STEP2676
STEP2677
STEP2678
STEP2679
STEP2680
STEP2681
STEP2682
STEP2683
STEP2684
STEP2685
STEP2686
STEP2687
STEP2688
STEP2689
STEP2690
STEP2691
STEP2692
STEP2693
STEP2694
STEP2695
STEP2696
STEP2697
STEP2698
STEP2699
STEP2700
STEP2701
STEP2702
STEP2703
STEP2704
STEP2705
STEP2706
STEP2707
STEP2708
STEP2709
STEP2710
STEP2711
STEP2712
STEP2713
STEP2714
STEP2715
STEP2716
STEP2717
STEP2718
STEP2719
STEP2720
STEP2721
STEP2722
STEP2723
STEP2724
STEP2725
STEP2726
STEP2727
STEP2728
STEP2729
STEP2730
STEP2731
STEP2732
STEP2733
STEP2734
STEP2735
STEP2736
STEP2737
STEP2738
STEP2739
STEP2740
STEP2741
STEP2742
STEP2743
STEP2744
STEP2745
STEP2746
STEP2747
STEP2748
STEP2749
STEP2750
STEP2751
STEP2752
STEP2753
STEP2754
STEP2755
STEP2756
STEP2757
STEP2758
STEP2759
STEP2760
STEP2761
STEP2762
STEP2763
STEP2764
STEP2765
STEP2766
STEP2767
STEP2768
STEP2769
STEP2770
STEP2771
STEP2772
STEP2773
STEP2774
STEP2775
STEP2776
STEP2777
STEP2778
STEP2779
STEP2780
STEP2781
STEP2782
STEP2783
STEP2784
STEP2785
STEP2786
STEP2787
STEP2788
STEP2789
STEP2790
STEP2791
STEP2792
STEP2793
STEP2794
STEP2795
STEP2796
STEP2797
STEP2798
STEP2799
STEP2800
STEP2801
STEP2802
STEP2803
STEP2804
STEP2805
STEP2806
STEP2807
STEP2808
STEP2809
STEP2810
STEP2811
STEP2812
STEP2813
STEP2814
STEP2815
STEP2816
STEP2817
STEP2818
STEP2819
STEP2820
STEP2821
STEP2822
STEP2823
STEP2824
STEP2825
STEP2826
STEP2827
STEP2828
STEP2829
STEP2830
STEP2831
STEP2832
STEP2833
STEP2834
STEP2835
STEP2836
STEP2837
STEP2838
STEP2839
STEP2840
STEP2841
STEP2842
STEP2843
STEP2844
STEP2845
STEP2846
STEP2847
STEP2848
STEP2849
STEP2850
STEP2851
STEP2852
STEP2853
STEP2854
STEP2855
STEP2856
STEP2857
STEP2858
STEP2859
STEP2860
STEP2861
STEP2862
STEP2863
STEP2864
STEP2865
STEP2866
STEP2867
STEP2868
STEP2869
STEP2870
STEP2871
STEP2872
STEP2873
STEP2874
STEP2875
STEP2876
STEP2877
STEP2878
STEP2879
STEP2880
STEP2881
STEP2882
STEP2883
STEP2884
STEP2885
STEP2886
STEP2887
STEP2888
STEP2889
STEP2890
STEP2891
STEP2892
STEP2893
STEP2894
STEP2895
STEP2896
STEP2897
STEP2898
STEP2899
STEP2900
STEP2901
STEP2902
STEP2903
STEP2904
STEP2905
STEP2906
STEP2907
STEP2908
STEP2909
STEP2910
STEP2911
STEP2912
STEP2913
STEP2914
STEP2915
STEP2916
STEP2917
STEP2918
STEP2919
STEP2920
STEP2921
STEP2922
STEP2923
STEP2924
STEP2925
STEP2926
STEP2927
STEP2928
STEP2929
STEP2930
STEP2931
STEP2932
STEP2933
STEP2934
STEP2935
STEP2936
STEP2937
STEP2938
STEP2939
STEP2940
STEP2941
STEP2942
STEP2943
STEP2944
STEP2945
STEP2946
STEP2947
STEP2948
STEP2949
STEP2950
STEP2951
STEP2952
STEP2953
STEP2954
STEP2955
STEP2956
STEP2957
STEP2958
STEP2959
STEP2960
STEP2961
STEP2962
STEP2963
STEP2964
STEP2965
STEP2966
STEP2967
STEP2968
STEP2969
STEP2970
STEP2971
STEP2972
STEP2973
STEP2974
STEP2975
STEP2976
STEP2977
STEP2978
STEP2979
STEP2980
STEP2981
STEP2982
STEP2983
STEP2984
STEP2985
STEP2986
STEP2987
STEP2988
STEP2989
STEP2990
STEP2991
STEP2992
STEP2993
STEP2994
STEP2995
STEP2996
STEP2997
STEP2998
STEP2999
STEP3000
STEP3001
STEP3002
STEP3003
STEP3004
STEP3005
STEP3006
STEP3007
STEP3008
STEP3009
STEP3010
STEP3011
STEP3012
STEP3013
STEP3014
STEP3015
STEP3016
STEP3017
STEP3018
STEP3019
STEP3020
STEP3021
STEP3022
STEP3023
STEP3024
STEP3025
STEP3026
STEP3027
STEP3028
STEP3029
STEP3030
STEP3031
STEP3032
STEP3033
STEP3034
STEP3035
STEP3036
STEP3037
STEP3038
STEP3039
STEP3040
STEP3041
STEP3042
STEP3043
STEP3044
STEP3045
STEP3046
STEP3047
STEP3048
STEP3049
STEP3050
STEP3051
STEP3052
STEP3053
STEP3054
STEP3055
STEP3056
STEP3057
STEP3058
STEP3059
STEP3060
STEP3061
STEP3062
STEP3063
STEP3064
STEP3065
STEP3066
STEP3067
STEP3068
STEP3069
STEP3070
STEP3071
STEP3072
STEP3073
STEP3074
STEP3075
STEP3076
STEP3077
STEP3078
STEP3079
STEP3080
STEP3081
STEP3082
STEP3083
STEP3084
STEP3085
STEP3086
STEP3087
STEP3088
STEP3089
STEP3090
STEP3091
STEP3092
STEP3093
STEP3094
STEP3095
STEP3096
STEP3097
STEP3098
STEP3099
STEP3100
STEP3101
STEP3102
STEP3103
STEP3104
STEP3105
STEP3106
STEP3107
STEP3108
STEP3109
STEP3110
STEP3111
STEP3112
STEP3113
STEP3114
STEP3115
STEP3116
STEP3117
STEP3118
STEP3119
STEP3120
STEP3121
STEP3122
STEP3123
STEP3124
STEP3125
STEP3126
STEP3127
STEP3128
STEP3129
STEP3130
STEP3131
STEP3132
STEP3133
STEP3134
STEP3135
STEP3136
STEP3137
STEP3138
STEP3139
STEP3140
STEP3141
STEP3142
STEP3143
STEP3144
STEP3145
STEP3146
STEP3147
STEP3148
STEP3149
STEP3150
STEP3151
STEP3152
STEP3153
STEP3154
STEP3155
STEP3156
STEP3157
STEP3158
STEP3159
STEP3160
STEP3161
STEP3162
STEP3163
STEP3164
STEP3165
STEP3166
STEP3167
STEP3168
STEP3169
STEP3170
STEP3171
STEP3172
STEP3173
STEP3174
STEP3175
STEP3176
STEP3177
STEP3178
STEP3179
STEP3180
STEP3181
STEP3182
STEP3183
STEP3184
STEP3185
STEP3186
STEP3187
STEP3188
STEP3189
STEP3190
STEP3191
STEP3192
STEP3193
STEP3194
STEP3195
STEP3196
STEP3197
STEP3198
STEP3199
STEP3200
STEP3201
STEP3202
STEP3203
STEP3204
STEP3205
STEP3206
STEP3207
STEP3208
STEP3209
STEP3210
STEP3211
STEP3212
STEP3213
STEP3214
STEP3215
STEP3216
STEP3217
STEP3218
STEP3219
STEP3220
STEP3221
STEP3222
STEP3223
STEP3224
STEP3225
STEP3226
STEP3227
STEP3228
STEP3229
STEP3230
STEP3231
STEP3232
STEP3233
STEP3234
STEP3235
STEP3236
STEP3237
STEP3238
STEP3239
STEP3240
STEP3241
STEP3242
STEP3243
STEP3244
STEP3245
STEP3246
STEP3247
STEP3248
STEP3249
STEP3250
STEP3251
STEP3252
STEP3253
STEP3254
STEP3255
STEP3256
STEP3257
STEP3258
STEP3259
STEP3260
STEP3261
STEP3262
STEP3263
STEP3264
STEP3265
STEP3266
STEP3267
STEP3268
STEP3269
STEP3270
STEP3271
STEP3272
STEP3273
STEP3274
STEP3275
STEP3276
STEP3277
STEP3278
STEP3279
STEP3280
STEP3281
STEP3282
STEP3283
STEP3284
STEP3285
STEP3286
STEP3287
STEP3288
STEP3289
STEP3290
STEP3291
STEP3292
STEP3293
STEP3294
STEP3295
STEP3296
STEP3297
STEP3298
STEP3299
STEP3300
STEP3301
STEP3302
STEP3303
STEP3304
STEP3305
STEP3306
STEP3307
STEP3308
STEP3309
STEP3310
STEP3311
STEP3312
STEP3313
STEP3314
STEP3315
STEP3316
STEP3317
STEP3318
STEP3319
STEP3320
STEP3321
STEP3322
STEP3323
STEP3324
STEP3325
STEP3326
STEP3327
STEP3328
STEP3329
STEP3330
STEP3331
STEP3332
STEP3333
STEP3334
STEP3335
STEP3336
STEP3337
STEP3338
STEP3339
STEP3340
STEP3341
STEP3342
STEP3343
STEP3344
STEP3345
STEP3346
STEP3347
STEP3348
STEP3349
STEP3350
STEP3351
STEP3352
STEP3353
STEP3354
STEP3355
STEP3356
STEP3357
STEP3358
STEP3359
STEP3360
STEP3361
STEP3362
STEP3363
STEP3364
STEP3365
STEP3366
STEP3367
STEP3368
STEP3369
STEP3370
STEP3371
STEP3372
STEP3373
STEP3374
STEP3375
STEP3376
STEP3377
STEP3378
STEP3379
STEP3380
STEP3381
STEP3382
STEP3383
STEP3384
STEP3385
STEP3386
STEP3387
STEP3388
STEP3389
STEP3390
STEP3391
STEP3392
STEP3393
STEP3394
STEP3395
STEP3396
STEP3397
STEP3398
STEP3399
STEP3400
STEP3401
STEP3402
STEP3403
STEP3404
STEP3405
STEP3406
STEP3407
STEP3408
STEP3409
STEP3410
STEP3411
STEP3412
STEP3413
STEP3414
STEP3415
STEP3416
STEP3417
STEP3418
STEP3419
STEP3420
STEP3421
STEP3422
STEP3423
STEP3424
STEP3425
STEP3426
STEP3427
STEP3428
STEP3429
STEP3430
STEP3431
STEP3432
STEP3433
STEP3434
STEP3435
STEP3436
STEP3437
STEP3438
STEP3439
STEP3440
STEP3441
STEP3442
STEP3443
STEP3444
STEP3445
STEP3446
STEP3447
STEP3448
STEP3449
STEP3450
STEP3451
STEP3452
STEP3453
STEP3454
STEP3455
STEP3456
STEP3457
STEP3458
STEP3459
STEP3460
STEP3461
STEP3462
STEP3463
STEP3464
STEP3465
STEP3466
STEP3467
STEP3468
STEP3469
STEP3470
STEP3471
STEP3472
STEP3473
STEP3474
STEP3475
STEP3476
STEP3477
STEP3478
STEP3479
STEP3480
STEP3481
STEP3482
STEP3483
STEP3484
STEP3485
STEP3486
STEP3487
STEP3488
STEP3489
STEP3490
STEP3491
STEP3492
STEP3493
STEP3494
STEP3495
STEP3496
STEP3497
STEP3498
STEP3499
STEP3500
STEP3501
STEP3502
STEP3503
STEP3504
STEP3505
STEP3506
STEP3507
STEP3508
STEP3509
STEP3510
STEP3511
STEP3512
STEP3513
STEP3514
STEP3515
STEP3516
STEP3517
STEP3518
STEP3519
STEP3520
STEP3521
STEP3522
STEP3523
STEP3524
STEP3525
STEP3526
STEP3527
STEP3528
STEP3529
STEP3530
STEP3531
STEP3532
STEP3533
STEP3534
STEP3535
STEP3536
STEP3537
STEP3538
STEP3539
STEP3540
STEP3541
STEP3542
STEP3543
STEP3544
STEP3545
STEP3546
STEP3547
STEP3548
STEP3549
STEP3550
STEP3551
STEP3552
STEP3553
STEP3554
STEP3555
STEP3556
STEP3557
STEP3558
STEP3559
STEP3560
STEP3561
STEP3562
STEP3563
STEP3564
STEP3565
STEP3566
STEP3567
STEP3568
STEP3569
STEP3570
STEP3571
STEP3572
STEP3573
STEP3574
STEP3575
STEP3576
STEP3577
STEP3578
STEP3579
STEP3580
STEP3581
STEP3582
STEP3583
STEP3584
STEP3585
STEP3586
STEP3587
STEP3588
STEP3589
STEP3590
STEP3591
STEP3592
STEP3593
STEP3594
STEP3595
STEP3596
STEP3597
STEP3598
STEP3599
STEP3600
STEP3601
STEP3602
STEP3603
STEP3604
STEP3605
STEP3606
STEP3607
STEP3608
STEP3609
STEP3610
STEP3611
STEP3612
STEP3613
STEP3614
STEP3615
STEP3616
STEP3617
STEP3618
STEP3619
STEP3620
STEP3621
STEP3622
STEP3623
STEP3624
STEP3625
STEP3626
STEP3627
STEP3628
STEP3629
STEP3630
STEP3631
STEP3632
STEP3633
STEP3634
STEP3635
STEP3636
STEP3637
STEP3638
STEP3639
STEP3640
STEP3641
STEP3642
STEP3643
STEP3644
STEP3645
STEP3646
STEP3647
STEP3648
STEP3649
STEP3650
STEP3651
STEP3652
STEP3653
STEP3654
STEP3655
STEP3656
STEP3657
STEP3658
STEP3659
STEP3660
STEP3661
STEP3662
STEP3663
STEP3664
STEP3665
STEP3666
STEP3667
STEP3668
STEP3669
STEP3670
STEP3671
STEP3672
STEP3673
STEP3674
STEP3675
STEP3676
STEP3677
STEP3678
STEP3679
STEP3680
STEP3681
STEP3682
STEP3683
STEP3684
STEP3685
STEP3686
STEP3687
STEP3688
STEP3689
STEP3690
STEP3691
STEP3692
STEP3693
STEP3694
STEP3695
STEP3696
STEP3697
STEP3698
STEP3699
STEP3700
STEP3701
STEP3702
STEP3703
STEP3704
STEP3705
STEP3706
STEP3707
STEP3708
STEP3709
STEP3710
STEP3711
STEP3712
STEP3713
STEP3714
STEP3715
STEP3716
STEP3717
STEP3718
STEP3719
STEP3720
STEP3721
STEP3722
STEP3723
STEP3724
STEP3725
STEP3726
STEP3727
STEP3728
STEP3729
STEP3730
STEP3731
STEP3732
STEP3733
STEP3734
STEP3735
STEP3736
STEP3737
STEP3738
STEP3739
STEP3740
STEP3741
STEP3742
STEP3743
STEP3744
STEP3745
STEP3746
STEP3747
STEP3748
STEP3749
STEP3750
STEP3751
STEP3752
STEP3753
STEP3754
STEP3755
STEP3756
STEP3757
STEP3758
STEP3759
STEP3760
STEP3761
STEP3762
STEP3763
STEP3764
STEP3765
STEP3766
STEP3767
STEP3768
STEP3769
STEP3770
STEP3771
STEP3772
STEP3773
STEP3774
STEP3775
STEP3776
STEP3777
STEP3778
STEP3779
STEP3780
STEP3781
STEP3782
STEP3783
STEP3784
STEP3785
STEP3786
STEP3787
STEP3788
STEP3789
STEP3790
STEP3791
STEP3792
STEP3793
STEP3794
STEP3795
STEP3796
STEP3797
STEP3798
STEP3799
STEP3800
STEP3801
STEP3802
STEP3803
STEP3804
STEP3805
STEP3806
STEP3807
STEP3808
STEP3809
STEP3810
STEP3811
STEP3812
STEP3813
STEP3814
STEP3815
STEP3816
STEP3817
STEP3818
STEP3819
STEP3820
STEP3821
STEP3822
STEP3823
STEP3824
STEP3825
STEP3826
STEP3827
STEP3828
STEP3829
STEP3830
STEP3831
STEP3832
STEP3833
STEP3834
STEP3835
STEP3836
STEP3837
STEP3838
STEP3839
STEP3840
STEP3841
STEP3842
STEP3843
STEP3844
STEP3845
STEP3846
STEP3847
STEP3848
STEP3849
STEP3850
STEP3851
STEP3852
STEP3853
STEP3854
STEP3855
STEP3856
STEP3857
STEP3858
STEP3859
STEP3860
STEP3861
STEP3862
STEP3863
STEP3864
STEP3865
STEP3866
STEP3867
STEP3868
STEP3869
STEP3870
STEP3871
STEP3872
STEP3873
STEP3874
STEP3875
STEP3876
STEP3877
STEP3878
STEP3879
STEP3880
STEP3881
STEP3882
STEP3883
STEP3884
STEP3885
STEP3886
STEP3887
STEP3888
STEP3889
STEP3890
STEP3891
STEP3892
STEP3893
STEP3894
STEP3895
STEP3896
STEP3897
STEP3898
STEP3899
STEP3900
STEP3901
STEP3902
STEP3903
STEP3904
STEP3905
STEP3906
STEP3907
STEP3908
STEP3909
STEP3910
STEP3911
STEP3912
STEP3913
STEP3914
STEP3915
STEP3916
STEP3917
STEP3918
STEP3919
STEP3920
STEP3921
STEP3922
STEP3923
STEP3924
STEP3925
STEP3926
STEP3927
STEP3928
STEP3929
STEP3930
STEP3931
STEP3932
STEP3933
STEP3934
STEP3935
STEP3936
STEP3937
STEP3938
STEP3939
STEP3940
STEP3941
STEP3942
STEP3943
STEP3944
STEP3945
STEP3946
STEP3947
STEP3948
STEP3949
STEP3950
STEP3951
STEP3952
STEP3953
STEP3954
STEP3955
STEP3956
STEP3957
STEP3958
STEP3959
STEP3960
STEP3961
STEP3962
STEP3963
STEP3964
STEP3965
STEP3966
STEP3967
STEP3968
STEP3969
STEP3970
STEP3971
STEP3972
STEP3973
STEP3974
STEP3975
STEP3976
STEP3977
STEP3978
STEP3979
STEP3980
STEP3981
STEP3982
STEP3983
STEP3984
STEP3985
STEP3986
STEP3987
STEP3988
STEP3989
STEP3990
STEP3991
STEP3992
STEP3993
STEP3994
STEP3995
STEP3996
STEP3997
STEP3998
STEP3999
STEP4000
STEP4001
STEP4002
STEP4003
STEP4004
STEP4005
STEP4006
STEP4007
STEP4008
STEP4009
STEP4010
STEP4011
STEP4012
STEP4013
STEP4014
STEP4015
STEP4016
STEP4017
STEP4018
STEP4019
STEP4020
STEP4021
STEP4022
STEP4023
STEP4024
STEP4025
STEP4026
STEP4027
STEP4028
STEP4029
STEP4030
STEP4031
STEP4032
STEP4033
STEP4034
STEP4035
STEP4036
STEP4037
STEP4038
STEP4039
STEP4040
STEP4041
STEP4042
STEP4043
STEP4044
STEP4045
STEP4046
STEP4047
STEP4048
STEP4049
STEP4050
STEP4051
STEP4052
STEP4053
STEP4054
STEP4055
STEP4056
STEP4057
STEP4058
STEP4059
STEP4060
STEP4061
STEP4062
STEP4063
STEP4064
STEP4065
STEP4066
STEP4067
STEP4068
STEP4069
STEP4070
STEP4071
STEP4072
STEP4073
STEP4074
STEP4075
STEP4076
STEP4077
STEP4078
STEP4079
STEP4080
STEP4081
STEP4082
STEP4083
STEP4084
STEP4085
STEP4086
STEP4087
STEP4088
STEP4089
STEP4090
STEP4091
STEP4092
STEP4093
STEP4094
STEP4095
STEP4096
STEP4097
STEP4098
STEP4099
STEP4100
STEP4101
STEP4102
STEP4103
STEP4104
STEP4105
STEP4106
STEP4107
STEP4108
STEP4109
STEP4110
STEP4111
STEP4112
STEP4113
STEP4114
STEP4115
STEP4116
STEP4117
STEP4118
STEP4119
STEP4120
STEP4121
STEP4122
STEP4123
STEP4124
STEP4125
STEP4126
STEP4127
STEP4128
STEP4129
STEP4130
STEP4131
STEP4132
STEP4133
STEP4134
STEP4135
STEP4136
STEP4137
STEP4138
STEP4139
STEP4140
STEP4141
STEP4142
STEP4143
STEP4144
STEP4145
STEP4146
STEP4147
STEP4148
STEP4149
STEP4150
STEP4151
STEP4152
STEP4153
STEP4154
STEP4155
STEP4156
STEP4157
STEP4158
STEP4159
STEP4160
STEP4161
STEP4162
STEP4163
STEP4164
STEP4165
STEP4166
STEP4167
STEP4168
STEP4169
STEP4170
STEP4171
STEP4172
STEP4173
STEP4174
STEP4175
STEP4176
STEP4177
STEP4178
STEP4179
STEP4180
STEP4181
STEP4182
STEP4183
STEP4184
STEP4185
STEP4186
STEP4187
STEP4188
STEP4189
STEP4190
STEP4191
STEP4192
STEP4193
STEP4194
STEP4195
STEP4196
STEP4197
STEP4198
STEP4199
STEP4200
STEP4201
STEP4202
STEP4203
STEP4204
STEP4205
STEP4206
STEP4207
STEP4208
STEP4209
STEP4210
STEP4211
STEP4212
STEP4213
STEP4214
STEP4215
STEP4216
STEP4217
STEP4218
STEP4219
STEP4220
STEP4221
STEP4222
STEP4223
STEP4224
STEP4225
STEP4226
STEP4227
STEP4228
STEP4229
STEP4230
STEP4231
STEP4232
STEP4233
STEP4234
STEP4235
STEP4236
STEP4237
STEP4238
STEP4239
STEP4240
STEP4241
STEP4242
STEP4243
STEP4244
STEP4245
STEP4246
STEP4247
STEP4248
STEP4249
STEP4250
STEP4251
STEP4252
STEP4253
STEP4254
STEP4255
STEP4256
STEP4257
STEP4258
STEP4259
STEP4260
STEP4261
STEP4262
STEP4263
STEP4264
STEP4265
STEP4266
STEP4267
STEP4268
STEP4269
STEP4270
STEP4271
STEP4272
STEP4273
STEP4274
STEP4275
STEP4276
STEP4277
STEP4278
STEP4279
STEP4280
STEP4281
STEP4282
STEP4283
STEP4284
STEP4285
STEP4286
STEP4287
STEP4288
STEP4289
STEP4290
STEP4291
STEP4292
STEP4293
STEP4294
STEP4295
STEP4296
STEP4297
STEP4298
STEP4299
STEP4300
STEP4301
STEP4302
STEP4303
STEP4304
STEP4305
STEP4306
STEP4307
STEP4308
STEP4309
STEP4310
STEP4311
STEP4312
STEP4313
STEP4314
STEP4315
STEP4316
STEP4317
STEP4318
STEP4319
STEP4320
STEP4321
STEP4322
STEP4323
STEP4324
STEP4325
STEP4326
STEP4327
STEP4328
STEP4329
STEP4330
STEP4331
STEP4332
STEP4333
STEP4334
STEP4335
STEP4336
STEP4337
STEP4338
STEP4339
STEP4340
STEP4341
STEP4342
STEP4343
STEP4344
STEP4345
STEP4346
STEP4347
STEP4348
STEP4349
STEP4350
STEP4351
STEP4352
STEP4353
STEP4354
STEP4355
STEP4356
STEP4357
STEP4358
STEP4359
STEP4360
STEP4361
STEP4362
STEP4363
STEP4364
STEP4365
STEP4366
STEP4367
STEP4368
STEP4369
STEP4370
STEP4371
STEP4372
STEP4373
STEP4374
STEP4375
STEP4376
STEP4377
STEP4378
STEP4379
STEP4380
STEP4381
STEP4382
STEP4383
STEP4384
STEP4385
STEP4386
STEP4387
STEP4388
STEP4389
STEP4390
STEP4391
STEP4392
STEP4393
STEP4394
STEP4395
STEP4396
STEP4397
STEP4398
STEP4399
STEP4400
STEP4401
STEP4402
STEP4403
STEP4404
STEP4405
STEP4406
STEP4407
STEP4408
STEP4409
STEP4410
STEP4411
STEP4412
STEP4413
STEP4414
STEP4415
STEP4416
STEP4417
STEP4418
STEP4419
STEP4420
STEP4421
STEP4422
STEP4423
STEP4424
STEP4425
STEP4426
STEP4427
STEP4428
STEP4429
STEP4430
STEP4431
STEP4432
STEP4433
STEP4434
STEP4435
STEP4436
STEP4437
STEP4438
STEP4439
STEP4440
STEP4441
STEP4442
STEP4443
STEP4444
STEP4445
STEP4446
STEP4447
STEP4448
STEP4449
STEP4450
STEP4451
STEP4452
STEP4453
STEP4454
STEP4455
STEP4456
STEP4457
STEP4458
STEP4459
STEP4460
STEP4461
STEP4462
STEP4463
STEP4464
STEP4465
STEP4466
STEP4467
STEP4468
STEP4469
STEP4470
STEP4471
STEP4472
STEP4473
STEP4474
STEP4475
STEP4476
STEP4477
STEP4478
STEP4479
STEP4480
STEP4481
STEP4482
STEP4483
STEP4484
STEP4485
STEP4486
STEP4487
STEP4488
STEP4489
STEP4490
STEP4491
STEP4492
STEP4493
STEP4494
STEP4495
STEP4496
STEP4497
STEP4498
STEP4499
STEP4500
STEP4501
STEP4502
STEP4503
STEP4504
STEP4505
STEP4506
STEP4507
STEP4508
STEP4509
STEP4510
STEP4511
STEP4512
STEP4513
STEP4514
STEP4515
STEP4516
STEP4517
STEP4518
STEP4519
STEP4520
STEP4521
STEP4522
STEP4523
STEP4524
STEP4525
STEP4526
STEP4527
STEP4528
STEP4529
STEP4530
STEP4531
STEP4532
STEP4533
STEP4534
STEP4535
STEP4536
STEP4537
STEP4538
STEP4539
STEP4540
STEP4541
STEP4542
STEP4543
STEP4544
STEP4545
STEP4546
STEP4547
STEP4548
STEP4549
STEP4550
STEP4551
STEP4552
STEP4553
STEP4554
STEP4555
STEP4556
STEP4557
STEP4558
STEP4559
STEP4560
STEP4561
STEP4562
STEP4563
STEP4564
STEP4565
STEP4566
STEP4567
STEP4568
STEP4569
STEP4570
STEP4571
STEP4572
STEP4573
STEP4574
STEP4575
STEP4576
STEP4577
STEP4578
STEP4579
STEP4580
STEP4581
STEP4582
STEP4583
STEP4584
STEP4585
STEP4586
STEP4587
STEP4588
STEP4589
STEP4590
STEP4591
STEP4592
STEP4593
STEP4594
STEP4595
STEP4596
STEP4597
STEP4598
STEP4599
STEP4600
STEP4601
STEP4602
STEP4603
STEP4604
STEP4605
STEP4606
STEP4607
STEP4608
STEP4609
STEP4610
STEP4611
STEP4612
STEP4613
STEP4614
STEP4615
STEP4616
STEP4617
STEP4618
STEP4619
STEP4620
STEP4621
STEP4622
STEP4623
STEP4624
STEP4625
STEP4626
STEP4627
STEP4628
STEP4629
STEP4630
STEP4631
STEP4632
STEP4633
STEP4634
STEP4635
STEP4636
STEP4637
STEP4638
STEP4639
STEP4640
STEP4641
STEP4642
STEP4643
STEP4644
STEP4645
STEP4646
STEP4647
STEP4648
STEP4649
STEP4650
STEP4651
STEP4652
STEP4653
STEP4654
STEP4655
STEP4656
STEP4657
STEP4658
STEP4659
STEP4660
STEP4661
STEP4662
STEP4663
STEP4664
STEP4665
STEP4666
STEP4667
STEP4668
STEP4669
STEP4670
STEP4671
STEP4672
STEP4673
STEP4674
STEP4675
STEP4676
STEP4677
STEP4678
STEP4679
STEP4680
STEP4681
STEP4682
STEP4683
STEP4684
STEP4685
STEP4686
STEP4687
STEP4688
STEP4689
STEP4690
STEP4691
STEP4692
STEP4693
STEP4694
STEP4695
STEP4696
STEP4697
STEP4698
STEP4699
STEP4700
STEP4701
STEP4702
STEP4703
STEP4704
STEP4705
STEP4706
STEP4707
STEP4708
STEP4709
STEP4710
STEP4711
STEP4712
STEP4713
STEP4714
STEP4715
STEP4716
STEP4717
STEP4718
STEP4719
STEP4720
STEP4721
STEP4722
STEP4723
STEP4724
STEP4725
STEP4726
STEP4727
STEP4728
STEP4729
STEP4730
STEP4731
STEP4732
STEP4733
STEP4734
STEP4735
STEP4736
STEP4737
STEP4738
STEP4739
STEP4740
STEP4741
STEP4742
STEP4743
STEP4744
STEP4745
STEP4746
STEP4747
STEP4748
STEP4749
STEP4750
STEP4751
STEP4752
STEP4753
STEP4754
STEP4755
STEP4756
STEP4757
STEP4758
STEP4759
STEP4760
STEP4761
STEP4762
STEP4763
STEP4764
STEP4765
STEP4766
STEP4767
STEP4768
STEP4769
STEP4770
STEP4771
STEP4772
STEP4773
STEP4774
STEP4775
STEP4776
STEP4777
STEP4778
STEP4779
STEP4780
STEP4781
STEP4782
STEP4783
STEP4784
STEP4785
STEP4786
STEP4787
STEP4788
STEP4789
STEP4790
STEP4791
STEP4792
STEP4793
STEP4794
STEP4795
STEP4796
STEP4797
STEP4798
STEP4799
STEP4800
STEP4801
STEP4802
STEP4803
STEP4804
STEP4805
STEP4806
STEP4807
STEP4808
STEP4809
STEP4810
STEP4811
STEP4812
STEP4813
STEP4814
STEP4815
STEP4816
STEP4817
STEP4818
STEP4819
STEP4820
STEP4821
STEP4822
STEP4823
STEP4824
STEP4825
STEP4826
STEP4827
STEP4828
STEP4829
STEP4830
STEP4831
STEP4832
STEP4833
STEP4834
STEP4835
STEP4836
STEP4837
STEP4838
STEP4839
STEP4840
STEP4841
STEP4842
STEP4843
STEP4844
STEP4845
STEP4846
STEP4847
STEP4848
STEP4849
STEP4850
STEP4851
STEP4852
STEP4853
STEP4854
STEP4855
STEP4856
STEP4857
STEP4858
STEP4859
STEP4860
STEP4861
STEP4862
STEP4863
STEP4864
STEP4865
STEP4866
STEP4867
STEP4868
STEP4869
STEP4870
STEP4871
STEP4872
STEP4873
STEP4874
STEP4875
STEP4876
STEP4877
STEP4878
STEP4879
STEP4880
STEP4881
STEP4882
STEP4883
STEP4884
STEP4885
STEP4886
STEP4887
STEP4888
STEP4889
STEP4890
STEP4891
STEP4892
STEP4893
STEP4894
STEP4895
STEP4896
STEP4897
STEP4898
STEP4899
STEP4900
STEP4901
STEP4902
STEP4903
STEP4904
STEP4905
STEP4906
STEP4907
STEP4908
STEP4909
STEP4910
STEP4911
STEP4912
STEP4913
STEP4914
STEP4915
STEP4916
STEP4917
STEP4918
STEP4919
STEP4920
STEP4921
STEP4922
STEP4923
STEP4924
STEP4925
STEP4926
STEP4927
STEP4928
STEP4929
STEP4930
STEP4931
STEP4932
STEP4933
STEP4934
STEP4935
STEP4936
STEP4937
STEP4938
STEP4939
STEP4940
STEP4941
STEP4942
STEP4943
STEP4944
STEP4945
STEP4946
STEP4947
STEP4948
STEP4949
STEP4950
STEP4951
STEP4952
STEP4953
STEP4954
STEP4955
STEP4956
STEP4957
STEP4958
STEP4959
STEP4960
STEP4961
STEP4962
STEP4963
STEP4964
STEP4965
STEP4966
STEP4967
STEP4968
STEP4969
STEP4970
STEP4971
STEP4972
STEP4973
STEP4974
STEP4975
STEP4976
STEP4977
STEP4978
STEP4979
STEP4980
STEP4981
STEP4982
STEP4983
STEP4984
STEP4985
STEP4986
STEP4987
STEP4988
STEP4989
STEP4990
STEP4991
STEP4992
STEP4993
STEP4994
STEP4995
STEP4996
STEP4997
STEP4998
STEP4999
STEP5000
STEP5001
STEP5002
STEP5003
STEP5004
STEP5005
STEP5006
STEP5007
STEP5008
STEP5009
STEP5010
STEP5011
STEP5012
STEP5013
STEP5014
STEP5015
STEP5016
STEP5017
STEP5018
STEP5019
STEP5020
STEP5021
STEP5022
STEP5023
STEP5024
STEP5025
STEP5026
STEP5027
STEP5028
STEP5029
STEP5030
STEP5031
STEP5032
STEP5033
STEP5034
STEP5035
STEP5036
STEP5037
STEP5038
STEP5039
STEP5040
STEP5041
STEP5042
STEP5043
STEP5044
STEP5045
STEP5046
STEP5047
STEP5048
STEP5049
STEP5050
STEP5051
STEP5052
STEP5053
STEP5054
STEP5055
STEP5056
STEP5057
STEP5058
STEP5059
STEP5060
STEP5061
STEP5062
STEP5063
STEP5064
STEP5065
STEP5066
STEP5067
STEP5068
STEP5069
STEP5070
STEP5071
STEP5072
STEP5073
STEP5074
STEP5075
STEP5076
STEP5077
STEP5078
STEP5079
STEP5080
STEP5081
STEP5082
STEP5083
STEP5084
STEP5085
STEP5086
STEP5087
STEP5088
STEP5089
STEP5090
STEP5091
STEP5092
STEP5093
STEP5094
STEP5095
STEP5096
STEP5097
STEP5098
STEP5099
STEP5100
STEP5101
STEP5102
STEP5103
STEP5104
STEP5105
STEP5106
STEP5107
STEP5108
STEP5109
STEP5110
STEP5111
STEP5112
STEP5113
STEP5114
STEP5115
STEP5116
STEP5117
STEP5118
STEP5119
STEP5120
STEP5121
STEP5122
STEP5123
STEP5124
STEP5125
STEP5126
STEP5127
STEP5128
STEP5129
STEP5130
STEP5131
STEP5132
STEP5133
STEP5134
STEP5135
STEP5136
STEP5137
STEP5138
STEP5139
STEP5140
STEP5141
STEP5142
STEP5143
STEP5144
STEP5145
STEP5146
STEP5147
STEP5148
STEP5149
STEP5150
STEP5151
STEP5152
STEP5153
STEP5154
STEP5155
STEP5156
STEP5157
STEP5158
STEP5159
STEP5160
STEP5161
STEP5162
STEP5163
STEP5164
STEP5165
STEP5166
STEP5167
STEP5168
STEP5169
STEP5170
STEP5171
STEP5172
STEP5173
STEP5174
STEP5175
STEP5176
STEP5177
STEP5178
STEP5179
STEP5180
STEP5181
STEP5182
STEP5183
STEP5184
STEP5185
STEP5186
STEP5187
STEP5188
STEP5189
STEP5190
STEP5191
STEP5192
STEP5193
STEP5194
STEP5195
STEP5196
STEP5197
STEP5198
STEP5199
STEP5200
STEP5201
STEP5202
STEP5203
STEP5204
STEP5205
STEP5206
STEP5207
STEP5208
STEP5209
STEP5210
STEP5211
STEP5212
STEP5213
STEP5214
STEP5215
STEP5216
STEP5217
STEP5218
STEP5219
STEP5220
STEP5221
STEP5222
STEP5223
STEP5224
STEP5225
STEP5226
STEP5227
STEP5228
STEP5229
STEP5230
STEP5231
STEP5232
STEP5233
STEP5234
STEP5235
STEP5236
STEP5237
STEP5238
STEP5239
STEP5240
STEP5241
STEP5242
STEP5243
STEP5244
STEP5245
STEP5246
STEP5247
STEP5248
STEP5249
STEP5250
STEP5251
STEP5252
STEP5253
STEP5254
STEP5255
STEP5256
STEP5257
STEP5258
STEP5259
STEP5260
STEP5261
STEP5262
STEP5263
STEP5264
STEP5265
STEP5266
STEP5267
STEP5268
STEP5269
STEP5270
STEP5271
STEP5272
STEP5273
STEP5274
STEP5275
STEP5276
STEP5277
STEP5278
STEP5279
STEP5280
STEP5281
STEP5282
STEP5283
STEP5284
STEP5285
STEP5286
STEP5287
STEP5288
STEP5289
STEP5290
STEP5291
STEP5292
STEP5293
STEP5294
STEP5295
STEP5296
STEP5297
STEP5298
STEP5299
STEP5300
STEP5301
STEP5302
STEP5303
STEP5304
STEP5305
STEP5306
STEP5307
STEP5308
STEP5309
STEP5310
STEP5311
STEP5312
STEP5313
STEP5314
STEP5315
STEP5316
STEP5317
STEP5318
STEP5319
STEP5320
STEP5321
STEP5322
STEP5323
STEP5324
STEP5325
STEP5326
STEP5327
STEP5328
STEP5329
STEP5330
STEP5331
STEP5332
STEP5333
STEP5334
STEP5335
STEP5336
STEP5337
STEP5338
STEP5339
STEP5340
STEP5341
STEP5342
STEP5343
STEP5344
STEP5345
STEP5346
STEP5347
STEP5348
STEP5349
STEP5350
STEP5351
STEP5352
STEP5353
STEP5354
STEP5355
STEP5356
STEP5357
STEP5358
STEP5359
STEP5360
STEP5361
STEP5362
STEP5363
STEP5364
STEP5365
STEP5366
STEP5367
STEP5368
STEP5369
STEP5370
STEP5371
STEP5372
STEP5373
STEP5374
STEP5375
STEP5376
STEP5377
STEP5378
STEP5379
STEP5380
STEP5381
STEP5382
STEP5383
STEP5384
STEP5385
STEP5386
STEP5387
STEP5388
STEP5389
STEP5390
STEP5391
STEP5392
STEP5393
STEP5394
STEP5395
STEP5396
STEP5397
STEP5398
STEP5399
STEP5400
STEP5401
STEP5402
STEP5403
STEP5404
STEP5405
STEP5406
STEP5407
STEP5408
STEP5409
STEP5410
STEP5411
STEP5412
STEP5413
STEP5414
STEP5415
STEP5416
STEP5417
STEP5418
STEP5419
STEP5420
STEP5421
STEP5422
STEP5423
STEP5424
STEP5425
STEP5426
STEP5427
STEP5428
STEP5429
STEP5430
STEP5431
STEP5432
STEP5433
STEP5434
STEP5435
STEP5436
STEP5437
STEP5438
STEP5439
STEP5440
STEP5441
STEP5442
STEP5443
STEP5444
STEP5445
STEP5446
STEP5447
STEP5448
STEP5449
STEP5450
STEP5451
STEP5452
STEP5453
STEP5454
STEP5455
STEP5456
STEP5457
STEP5458
STEP5459
STEP5460
STEP5461
STEP5462
STEP5463
STEP5464
STEP5465
STEP5466
STEP5467
STEP5468
STEP5469
STEP5470
STEP5471
STEP5472
STEP5473
STEP5474
STEP5475
STEP5476
STEP5477
STEP5478
STEP5479
STEP5480
STEP5481
STEP5482
STEP5483
STEP5484
STEP5485
STEP5486
STEP5487
STEP5488
STEP5489
STEP5490
STEP5491
STEP5492
STEP5493
STEP5494
STEP5495
STEP5496
STEP5497
STEP5498
STEP5499
STEP5500
STEP5501
STEP5502
STEP5503
STEP5504
STEP5505
STEP5506
STEP5507
STEP5508
STEP5509
STEP5510
STEP5511
STEP5512
STEP5513
STEP5514
STEP5515
STEP5516
STEP5517
STEP5518
STEP5519
STEP5520
STEP5521
STEP5522
STEP5523
STEP5524
STEP5525
STEP5526
STEP5527
STEP5528
STEP5529
STEP5530
STEP5531
STEP5532
STEP5533
STEP5534
STEP5535
STEP5536
STEP5537
STEP5538
STEP5539
STEP5540
STEP5541
STEP5542
STEP5543
STEP5544
STEP5545
STEP5546
STEP5547
STEP5548
STEP5549
STEP5550
STEP5551
STEP5552
STEP5553
STEP5554
STEP5555
STEP5556
STEP5557
STEP5558
STEP5559
STEP5560
STEP5561
STEP5562
STEP5563
STEP5564
STEP5565]]>
  </system-out>
  <testcase classname="commonMethods.Testcases" name="Scenario9" time="312.168">
    <failure message="null" type="java.lang.AssertionError">
      <![CDATA[java.lang.AssertionError: null
at org.testng.Assert.fail(Assert.java:99)
at org.testng.Assert.fail(Assert.java:106)
at commonMethods.Keywords.waitForElement(Keywords.java:320)
at scripts.Scenario9.Semiautorun9(Scenario9.java:239)
at commonMethods.Testcases.Scenario9(Testcases.java:391)
at java.base/jdk.internal.reflect.NativeMethodAccessorImpl.invoke0(Native Method)
at java.base/jdk.internal.reflect.NativeMethodAccessorImpl.invoke(NativeMethodAccessorImpl.java:77)
at java.base/jdk.internal.reflect.DelegatingMethodAccessorImpl.invoke(DelegatingMethodAccessorImpl.java:43)
at java.base/java.lang.reflect.Method.invoke(Method.java:568)
at org.testng.internal.MethodInvocationHelper.invokeMethod(MethodInvocationHelper.java:133)
at org.testng.internal.TestInvoker.invokeMethod(TestInvoker.java:598)
at org.testng.internal.TestInvoker.invokeTestMethod(TestInvoker.java:173)
at org.testng.internal.MethodRunner.runInSequence(MethodRunner.java:46)
at org.testng.internal.TestInvoker$MethodInvocationAgent.invoke(TestInvoker.java:824)
at org.testng.internal.TestInvoker.invokeTestMethods(TestInvoker.java:146)
at org.testng.internal.TestMethodWorker.invokeTestMethods(TestMethodWorker.java:146)
at org.testng.internal.TestMethodWorker.run(TestMethodWorker.java:128)
at java.base/java.util.ArrayList.forEach(ArrayList.java:1511)
at org.testng.TestRunner.privateRun(TestRunner.java:794)
at org.testng.TestRunner.run(TestRunner.java:596)
at org.testng.SuiteRunner.runTest(SuiteRunner.java:377)
at org.testng.SuiteRunner.runSequentially(SuiteRunner.java:371)
at org.testng.SuiteRunner.privateRun(SuiteRunner.java:332)
at org.testng.SuiteRunner.run(SuiteRunner.java:276)
at org.testng.SuiteRunnerWorker.runSuite(SuiteRunnerWorker.java:53)
at org.testng.SuiteRunnerWorker.run(SuiteRunnerWorker.java:96)
at org.testng.TestNG.runSuitesSequentially(TestNG.java:1212)
at org.testng.TestNG.runSuitesLocally(TestNG.java:1134)
at org.testng.TestNG.runSuites(TestNG.java:1063)
at org.testng.TestNG.run(TestNG.java:1031)
at org.testng.remote.AbstractRemoteTestNG.run(AbstractRemoteTestNG.java:115)
at org.testng.remote.RemoteTestNG.initAndRun(RemoteTestNG.java:251)
at org.testng.remote.RemoteTestNG.main(RemoteTestNG.java:77)
]]>
    </failure>
  </testcase> <!-- Scenario9 -->
  <system-out>
    <![CDATA[STEP1808
STEP1809
STEP1810
STEP1811
STEP1812
STEP1813
STEP1814
STEP1815
STEP1816
STEP1817
STEP1818
STEP1819
STEP1820
STEP1821
STEP1822
STEP1823
STEP1824
STEP1825
STEP1826
STEP1827
STEP1828
STEP1829
STEP1830
STEP1831
STEP1832
STEP1833
STEP1834
STEP1835
STEP1836
STEP1837
STEP1838
STEP1839
STEP1840
STEP1841
STEP1842
STEP1843
STEP1844
STEP1845
STEP1846
STEP1847
STEP1848
STEP1849
STEP1850
STEP1851
STEP1852
STEP1853
STEP1854
STEP1855
STEP1856
STEP1857
STEP1858
STEP1859
STEP1860
STEP1861
STEP1862
STEP1863
STEP1864
STEP1865
STEP1866
STEP1867
STEP1868
STEP1869
STEP1870
STEP1871
STEP1872
STEP1873
STEP1874
STEP1875
STEP1876
STEP1877
STEP1878
STEP1879
STEP1880
STEP1881
STEP1882
STEP1883
STEP1884
STEP1885
STEP1886
STEP1887
STEP1888
STEP1889
STEP1890
STEP1891
STEP1892
STEP1893
STEP1894
STEP1895
STEP1896
STEP1897
STEP1898
STEP1899
STEP1900
STEP1901
STEP1902
STEP1903
STEP1904
STEP1905
STEP1906
STEP1907
STEP1908
STEP1909
STEP1910
STEP1911
STEP1912
STEP1913
STEP1914
STEP1915
STEP1916
STEP1917
STEP1918
STEP1919
STEP1920
STEP1921
STEP1922
STEP1923
STEP1924
STEP1925
STEP1926
STEP1927
STEP1928
STEP1929
STEP1930
STEP1931
STEP1932
STEP1933
STEP1934
STEP1935
STEP1936
STEP1937
STEP1938
STEP1939
STEP1940
STEP1941
STEP1942
STEP1943
STEP1944
STEP1945
STEP1946
STEP1947
STEP1948
STEP1949
STEP1950
STEP1951]]>
  </system-out>
</testsuite> <!-- commonMethods.Testcases -->
