<?xml version="1.0" encoding="UTF-8"?>
<!-- Generated by org.testng.reporters.JUnitReportReporter -->
<testsuite hostname="DESKTOP-TSHER2F" failures="0" tests="1" name="commonMethods.Testcases" time="16.421" errors="0" timestamp="2024-03-06T20:08:31 IST" skipped="0">
  <testcase classname="commonMethods.Testcases" name="Scenario1" time="16.421">
    <system-out>
      <![CDATA[STEP1
STEP2
STEP3
STEP4
STEP5
STEP6
STEP7
STEP8
STEP9
STEP10
STEP11
STEP12]]>
    </system-out>
  </testcase> <!-- Scenario1 -->
  <system-out>
    <![CDATA[STEP1
STEP2
STEP3
STEP4
STEP5
STEP6
STEP7
STEP8
STEP9
STEP10
STEP11
STEP12]]>
  </system-out>
</testsuite> <!-- commonMethods.Testcases -->
